d:\cppproject\graphics code 2015\graphics for games\8) index buffers\debug\vc140.pdb
d:\graphics code 2015\graphics for games\8) index buffers\debug\vc140.pdb
d:\graphics code 2015\graphics for games\8) index buffers\debug\vc140.idb
d:\graphics code 2015\graphics for games\8) index buffers\debug\renderer.obj
d:\graphics code 2015\graphics for games\8) index buffers\debug\tutorial8.obj
d:\cppproject\graphics code 2015\graphics for games\debug\tutorial 08 - index buffers.ilk
d:\cppproject\graphics code 2015\graphics for games\debug\tutorial 08 - index buffers.exe
d:\cppproject\graphics code 2015\graphics for games\debug\tutorial 08 - index buffers.pdb
d:\graphics code 2015\graphics for games\debug\tutorial 08 - index buffers.ilk
d:\graphics code 2015\graphics for games\debug\tutorial 08 - index buffers.exe
d:\graphics code 2015\graphics for games\debug\tutorial 08 - index buffers.pdb
d:\cppproject\graphics code 2015\graphics for games\8) index buffers\debug\renderer.obj
d:\cppproject\graphics code 2015\graphics for games\8) index buffers\debug\tutorial8.obj
d:\cppproject\graphics code 2015\graphics for games\8) index buffers\debug\vc140.idb
d:\cppproject\graphics code 2015\graphics for games\8) index buffers\debug\tutorial.5844d912.tlog\cl.command.1.tlog
d:\cppproject\graphics code 2015\graphics for games\8) index buffers\debug\tutorial.5844d912.tlog\cl.read.1.tlog
d:\cppproject\graphics code 2015\graphics for games\8) index buffers\debug\tutorial.5844d912.tlog\cl.write.1.tlog
d:\cppproject\graphics code 2015\graphics for games\8) index buffers\debug\tutorial.5844d912.tlog\link.command.1.tlog
d:\cppproject\graphics code 2015\graphics for games\8) index buffers\debug\tutorial.5844d912.tlog\link.read.1.tlog
d:\cppproject\graphics code 2015\graphics for games\8) index buffers\debug\tutorial.5844d912.tlog\link.write.1.tlog
