  Window.cpp
  Shader.cpp
  SceneNode.cpp
  Quaternion.cpp
  Plane.cpp
  OGLRenderer.cpp
  OBJMesh.cpp
  Mouse.cpp
  Mesh.cpp
d:\cppproject\graphics code 2015\nclgl\mesh.cpp(132): warning C4244: “初始化”: 从“double”转换到“float”，可能丢失数据
d:\cppproject\graphics code 2015\nclgl\mesh.cpp(133): warning C4244: “初始化”: 从“double”转换到“float”，可能丢失数据
d:\cppproject\graphics code 2015\nclgl\mesh.cpp(156): warning C4244: “参数”: 从“double”转换到“const float”，可能丢失数据
  MD5Node.cpp
  MD5Mesh.cpp
  MD5FileData.cpp
  MD5Anim.cpp
  Matrix4.cpp
  Keyboard.cpp
  HeightMap.cpp
  GameTimer.cpp
  Frustum.cpp
  Camera.cpp
  正在生成代码...
  nclgl.vcxproj -> D:\CPPproject\Graphics Code 2015\Graphics For Games\Debug\nclgl.lib
