d:\graphics code 2015\graphics for games\9) skeletal animation\debug\vc140.pdb
d:\graphics code 2015\graphics for games\9) skeletal animation\debug\vc140.idb
d:\graphics code 2015\graphics for games\9) skeletal animation\debug\renderer.obj
d:\graphics code 2015\graphics for games\9) skeletal animation\debug\tutorial9.obj
d:\cppproject\graphics code 2015\graphics for games\9) skeletal animation\debug\vc140.pdb
d:\cppproject\graphics code 2015\graphics for games\9) skeletal animation\debug\vc140.idb
d:\cppproject\graphics code 2015\graphics for games\9) skeletal animation\debug\renderer.obj
d:\cppproject\graphics code 2015\graphics for games\9) skeletal animation\debug\tutorial9.obj
d:\graphics code 2015\graphics for games\debug\tutorial 09 - skeletal animation.ilk
d:\graphics code 2015\graphics for games\debug\tutorial 09 - skeletal animation.exe
d:\graphics code 2015\graphics for games\debug\tutorial 09 - skeletal animation.pdb
d:\cppproject\graphics code 2015\graphics for games\debug\tutorial 09 - skeletal animation.ilk
d:\cppproject\graphics code 2015\graphics for games\debug\tutorial 09 - skeletal animation.exe
d:\cppproject\graphics code 2015\graphics for games\debug\tutorial 09 - skeletal animation.pdb
d:\cppproject\graphics code 2015\graphics for games\9) skeletal animation\debug\tutorial.9fb8682d.tlog\cl.command.1.tlog
d:\cppproject\graphics code 2015\graphics for games\9) skeletal animation\debug\tutorial.9fb8682d.tlog\cl.read.1.tlog
d:\cppproject\graphics code 2015\graphics for games\9) skeletal animation\debug\tutorial.9fb8682d.tlog\cl.write.1.tlog
d:\cppproject\graphics code 2015\graphics for games\9) skeletal animation\debug\tutorial.9fb8682d.tlog\link.command.1.tlog
d:\cppproject\graphics code 2015\graphics for games\9) skeletal animation\debug\tutorial.9fb8682d.tlog\link.read.1.tlog
d:\cppproject\graphics code 2015\graphics for games\9) skeletal animation\debug\tutorial.9fb8682d.tlog\link.write.1.tlog
