c:\users\rich\desktop\msc graphics week 2\week 1 source original\soil\sln\debug\vc120.pdb
c:\users\rich\desktop\msc graphics week 2\week 1 source original\soil\sln\debug\vc120.idb
c:\users\rich\desktop\msc graphics week 2\week 1 source original\soil\sln\debug\image_dxt.obj
c:\users\rich\desktop\msc graphics week 2\week 1 source original\soil\sln\debug\image_helper.obj
c:\users\rich\desktop\msc graphics week 2\week 1 source original\soil\sln\debug\soil.obj
c:\users\rich\desktop\msc graphics week 2\week 1 source original\soil\sln\debug\stb_image_aug.obj
d:\cppproject\opengl\soil\sln\debug\soil.pdb
d:\cppproject\opengl\soil\sln\debug\soil.idb
d:\cppproject\opengl\soil\sln\debug\image_dxt.obj
d:\cppproject\opengl\soil\sln\debug\image_helper.obj
d:\cppproject\opengl\soil\sln\debug\soil.obj
d:\cppproject\opengl\soil\sln\debug\stb_image_aug.obj
c:\users\rich\desktop\msc graphics week 2\week 1 source original\soil\sln\debug\soil.lib
d:\cppproject\opengl\graphics for games\debug\soil.lib
d:\cppproject\opengl\soil\sln\debug\vc120.idb
d:\cppproject\opengl\soil\sln\debug\vc120.pdb
d:\cppproject\opengl\graphics for games\debug\soil.pdb
d:\cppproject\opengl\soil\sln\debug\soil.tlog\cl.command.1.tlog
d:\cppproject\opengl\soil\sln\debug\soil.tlog\cl.read.1.tlog
d:\cppproject\opengl\soil\sln\debug\soil.tlog\cl.write.1.tlog
d:\cppproject\opengl\soil\sln\debug\soil.tlog\lib-link.read.1.tlog
d:\cppproject\opengl\soil\sln\debug\soil.tlog\lib-link.write.1.tlog
d:\cppproject\opengl\soil\sln\debug\soil.tlog\lib.command.1.tlog
