  Camera.cpp
d:\cppproject\graphics code 2015\nclgl\Keyboard.h : warning C4819: 该文件包含不能在当前代码页(936)中表示的字符。请将该文件保存为 Unicode 格式以防止数据丢失
  GameTimer.cpp
  Keyboard.cpp
d:\cppproject\graphics code 2015\nclgl\Keyboard.h : warning C4819: 该文件包含不能在当前代码页(936)中表示的字符。请将该文件保存为 Unicode 格式以防止数据丢失
  Matrix4.cpp
  MD5Anim.cpp
  MD5FileData.cpp
  MD5Mesh.cpp
  MD5Node.cpp
  Mesh.cpp
d:\cppproject\graphics code 2015\nclgl\Keyboard.h : warning C4819: 该文件包含不能在当前代码页(936)中表示的字符。请将该文件保存为 Unicode 格式以防止数据丢失
  Mouse.cpp
  OBJMesh.cpp
  OGLRenderer.cpp
d:\cppproject\graphics code 2015\nclgl\Keyboard.h : warning C4819: 该文件包含不能在当前代码页(936)中表示的字符。请将该文件保存为 Unicode 格式以防止数据丢失
  Quaternion.cpp
  Shader.cpp
d:\cppproject\graphics code 2015\nclgl\Keyboard.h : warning C4819: 该文件包含不能在当前代码页(936)中表示的字符。请将该文件保存为 Unicode 格式以防止数据丢失
  Window.cpp
d:\cppproject\graphics code 2015\nclgl\Keyboard.h : warning C4819: 该文件包含不能在当前代码页(936)中表示的字符。请将该文件保存为 Unicode 格式以防止数据丢失
  nclgl.vcxproj -> D:\CPPproject\Graphics Code 2015\Graphics For Games\Release\nclgl.lib
