d:\cppproject\graphics code 2015\graphics for games\7) scene management\debug\vc140.pdb
d:\cppproject\graphics code 2015\graphics for games\7) scene management\debug\vc140.idb
d:\cppproject\graphics code 2015\graphics for games\7) scene management\debug\tutorial7.obj
d:\cppproject\graphics code 2015\graphics for games\7) scene management\debug\cuberobot.obj
d:\cppproject\graphics code 2015\graphics for games\7) scene management\debug\renderer.obj
d:\graphics code 2015\graphics for games\7) scene management\debug\vc140.pdb
d:\graphics code 2015\graphics for games\7) scene management\debug\vc140.idb
d:\graphics code 2015\graphics for games\7) scene management\debug\cuberobot.obj
d:\graphics code 2015\graphics for games\7) scene management\debug\renderer.obj
d:\graphics code 2015\graphics for games\7) scene management\debug\tutorial7.obj
d:\cppproject\graphics code 2015\graphics for games\debug\tutorial 07 - scene management.ilk
d:\cppproject\graphics code 2015\graphics for games\debug\tutorial 07 - scene management.exe
d:\cppproject\graphics code 2015\graphics for games\debug\tutorial 07 - scene management.pdb
d:\graphics code 2015\graphics for games\debug\tutorial 07 - scene management.ilk
d:\graphics code 2015\graphics for games\debug\tutorial 07 - scene management.exe
d:\graphics code 2015\graphics for games\debug\tutorial 07 - scene management.pdb
d:\cppproject\graphics code 2015\graphics for games\7) scene management\debug\tutorial.87b5801e.tlog\cl.command.1.tlog
d:\cppproject\graphics code 2015\graphics for games\7) scene management\debug\tutorial.87b5801e.tlog\cl.read.1.tlog
d:\cppproject\graphics code 2015\graphics for games\7) scene management\debug\tutorial.87b5801e.tlog\cl.write.1.tlog
d:\cppproject\graphics code 2015\graphics for games\7) scene management\debug\tutorial.87b5801e.tlog\link.command.1.tlog
d:\cppproject\graphics code 2015\graphics for games\7) scene management\debug\tutorial.87b5801e.tlog\link.read.1.tlog
d:\cppproject\graphics code 2015\graphics for games\7) scene management\debug\tutorial.87b5801e.tlog\link.write.1.tlog
